<font face='trendy' color= 'LimeGreen' size='3.5'> - <h2>--------------------SuiteRunner Log-------------------------<h2>
 - beforeSuite - BaseSetup - INFO - 20-05-2018 13:54:24 </font><br><font face='trendy' color= 'LimeGreen' size='3.5'> - Browser name present in config file :Chrome
 - initiateDriver - BaseSetup - INFO - 20-05-2018 13:54:24 </font><br><font face='trendy' color= 'LimeGreen' size='3.5'> - -----------------STARTED RUNNING SELENIUM TESTS ON LOCAL MACHINE------------------
 - initiateDriver - BaseSetup - INFO - 20-05-2018 13:54:24 </font><br><font face='trendy' color= 'LimeGreen' size='3.5'> - The Browser Name is provided as Chrome
 - getBrowserInstance - BrowserProvider - INFO - 20-05-2018 13:54:24 </font><br><font face='trendy' color= 'LimeGreen' size='3.5'> - Launching google chrome with new profile..
 - initChromeDriver - ChromeBrowser - INFO - 20-05-2018 13:54:24 </font><br><font face='trendy' color= 'LimeGreen' size='3.5'> - chrome driver initialized..
 - initChromeDriver - ChromeBrowser - INFO - 20-05-2018 13:54:24 </font><br><font face='trendy' color= 'red' size='3.5'> - session not created exception
from unknown error: Runtime.executionContextCreated has invalid 'context': {"auxData":{"frameId":"15750272D4C7A039D477D6C91CAF786D","isDefault":true},"id":1,"name":"","origin":"://"}
  (Session info: chrome=66.0.3359.139)
  (Driver info: chromedriver=2.16.333243 (0bfa1d3575fc1044244f21ddb82bf870944ef961),platform=Windows NT 10.0 x86_64) (WARNING: The server did not provide any stacktrace information)
Command duration or timeout: 14.51 seconds
Build info: version: '2.46.0', revision: '87c69e2', time: '2015-06-04 16:17:10'
System info: host: 'WINDOWS-0G54QL6', ip: '192.168.30.1', os.name: 'Windows 8.1', os.arch: 'amd64', os.version: '6.3', java.version: '1.8.0_25'
Driver info: org.openqa.selenium.chrome.ChromeDriver---
com.base.BaseSetup.initializeBaseSetup(BaseSetup.java:121)
sun.reflect.NativeMethodAccessorImpl.invoke0(Native Method)
sun.reflect.NativeMethodAccessorImpl.invoke(NativeMethodAccessorImpl.java:62)
sun.reflect.DelegatingMethodAccessorImpl.invoke(DelegatingMethodAccessorImpl.java:43)
java.lang.reflect.Method.invoke(Method.java:483)
org.testng.internal.MethodInvocationHelper.invokeMethod(MethodInvocationHelper.java:84)
org.testng.internal.Invoker.invokeConfigurationMethod(Invoker.java:564)
org.testng.internal.Invoker.invokeConfigurations(Invoker.java:213)
org.testng.internal.Invoker.invokeMethod(Invoker.java:653)
org.testng.internal.Invoker.invokeTestMethod(Invoker.java:901)
org.testng.internal.Invoker.invokeTestMethods(Invoker.java:1231)
org.testng.internal.TestMethodWorker.invokeTestMethods(TestMethodWorker.java:127)
org.testng.internal.TestMethodWorker.run(TestMethodWorker.java:111)
org.testng.TestRunner.privateRun(TestRunner.java:767)
org.testng.TestRunner.run(TestRunner.java:617)
org.testng.SuiteRunner.runTest(SuiteRunner.java:334)
org.testng.SuiteRunner.access$000(SuiteRunner.java:37)
org.testng.SuiteRunner$SuiteWorker.run(SuiteRunner.java:368)
org.testng.internal.thread.ThreadUtil$2.call(ThreadUtil.java:64)
java.util.concurrent.FutureTask.run(FutureTask.java:266)
java.util.concurrent.ThreadPoolExecutor.runWorker(ThreadPoolExecutor.java:1142)
java.util.concurrent.ThreadPoolExecutor$Worker.run(ThreadPoolExecutor.java:617)
java.lang.Thread.run(Thread.java:745)
 - initializeBaseSetup - BaseSetup - ERROR - 20-05-2018 13:54:42 </font><br><font face='trendy' color= 'LimeGreen' size='3.5'> - <h2>**************CURRENTLY RUNNING TEST************ tc_AccountingAPI_001_testProcessDonations</h2>
 - onTestStart - TestListener - INFO - 20-05-2018 13:54:43 </font><br><font face='trendy' color= 'orange' size='3.5'> - @@@@@@@@@@@@@@@@@@@@@@@@@@@@@@@@@@@@@@@@@@@@@@@@@@@@@@@@@@@@@
 - onTestSkipped - TestListener - WARN - 20-05-2018 13:54:44 </font><br><font face='trendy' color= 'orange' size='3.5'> - WARN ------------tc_AccountingAPI_001_testProcessDonations has skipped-----------------
 - onTestSkipped - TestListener - WARN - 20-05-2018 13:54:44 </font><br><font face='trendy' color= 'orange' size='3.5'> - @@@@@@@@@@@@@@@@@@@@@@@@@@@@@@@@@@@@@@@@@@@@@@@@@@@@@@@@@@@@@
 - onTestSkipped - TestListener - WARN - 20-05-2018 13:54:44 </font><br><font face='trendy' color= 'LimeGreen' size='3.5'> - Browser name present in config file :Chrome
 - initiateDriver - BaseSetup - INFO - 20-05-2018 13:54:49 </font><br><font face='trendy' color= 'LimeGreen' size='3.5'> - -----------------STARTED RUNNING SELENIUM TESTS ON LOCAL MACHINE------------------
 - initiateDriver - BaseSetup - INFO - 20-05-2018 13:54:49 </font><br><font face='trendy' color= 'LimeGreen' size='3.5'> - The Browser Name is provided as Chrome
 - getBrowserInstance - BrowserProvider - INFO - 20-05-2018 13:54:49 </font><br><font face='trendy' color= 'LimeGreen' size='3.5'> - Launching google chrome with new profile..
 - initChromeDriver - ChromeBrowser - INFO - 20-05-2018 13:54:49 </font><br><font face='trendy' color= 'LimeGreen' size='3.5'> - chrome driver initialized..
 - initChromeDriver - ChromeBrowser - INFO - 20-05-2018 13:54:49 </font><br><font face='trendy' color= 'red' size='3.5'> - Could not start a new session. Possible causes are invalid address of the remote server or browser start-up failure.
Build info: version: '2.46.0', revision: '87c69e2', time: '2015-06-04 16:17:10'
System info: host: 'WINDOWS-0G54QL6', ip: '192.168.30.1', os.name: 'Windows 8.1', os.arch: 'amd64', os.version: '6.3', java.version: '1.8.0_25'
Driver info: driver.version: ChromeDriver---
com.base.BaseSetup.initializeBaseSetup(BaseSetup.java:121)
sun.reflect.NativeMethodAccessorImpl.invoke0(Native Method)
sun.reflect.NativeMethodAccessorImpl.invoke(NativeMethodAccessorImpl.java:62)
sun.reflect.DelegatingMethodAccessorImpl.invoke(DelegatingMethodAccessorImpl.java:43)
java.lang.reflect.Method.invoke(Method.java:483)
org.testng.internal.MethodInvocationHelper.invokeMethod(MethodInvocationHelper.java:84)
org.testng.internal.Invoker.invokeConfigurationMethod(Invoker.java:564)
org.testng.internal.Invoker.invokeConfigurations(Invoker.java:213)
org.testng.internal.Invoker.invokeMethod(Invoker.java:653)
org.testng.internal.Invoker.invokeTestMethod(Invoker.java:901)
org.testng.internal.Invoker.invokeTestMethods(Invoker.java:1231)
org.testng.internal.TestMethodWorker.invokeTestMethods(TestMethodWorker.java:127)
org.testng.internal.TestMethodWorker.run(TestMethodWorker.java:111)
org.testng.TestRunner.privateRun(TestRunner.java:767)
org.testng.TestRunner.run(TestRunner.java:617)
org.testng.SuiteRunner.runTest(SuiteRunner.java:334)
org.testng.SuiteRunner.access$000(SuiteRunner.java:37)
org.testng.SuiteRunner$SuiteWorker.run(SuiteRunner.java:368)
org.testng.internal.thread.ThreadUtil$2.call(ThreadUtil.java:64)
java.util.concurrent.FutureTask.run(FutureTask.java:266)
java.util.concurrent.ThreadPoolExecutor.runWorker(ThreadPoolExecutor.java:1142)
java.util.concurrent.ThreadPoolExecutor$Worker.run(ThreadPoolExecutor.java:617)
java.lang.Thread.run(Thread.java:745)
 - initializeBaseSetup - BaseSetup - ERROR - 20-05-2018 13:56:16 </font><br><font face='trendy' color= 'LimeGreen' size='3.5'> - <h2>**************CURRENTLY RUNNING TEST************ tc_001_createAnEventWithPaidRegistration</h2>
 - onTestStart - TestListener - INFO - 20-05-2018 13:56:16 </font><br><font face='trendy' color= 'orange' size='3.5'> - @@@@@@@@@@@@@@@@@@@@@@@@@@@@@@@@@@@@@@@@@@@@@@@@@@@@@@@@@@@@@
 - onTestSkipped - TestListener - WARN - 20-05-2018 13:56:16 </font><br><font face='trendy' color= 'orange' size='3.5'> - WARN ------------tc_001_createAnEventWithPaidRegistration has skipped-----------------
 - onTestSkipped - TestListener - WARN - 20-05-2018 13:56:16 </font><br><font face='trendy' color= 'orange' size='3.5'> - @@@@@@@@@@@@@@@@@@@@@@@@@@@@@@@@@@@@@@@@@@@@@@@@@@@@@@@@@@@@@
 - onTestSkipped - TestListener - WARN - 20-05-2018 13:56:16 </font><br><font face='trendy' color= 'LimeGreen' size='3.5'> - <h2>**************CURRENTLY RUNNING TEST************ tc_API_001_DonationAPI</h2>
 - onTestStart - TestListener - INFO - 20-05-2018 13:56:19 </font><br><font face='trendy' color= 'LimeGreen' size='3.5'> - set runtime value for Key : pledgeId
 - setRunTimeProperty - RuntimeProperties - INFO - 20-05-2018 13:56:21 </font><br><font face='trendy' color= 'LimeGreen' size='3.5'> - set runtime value for Key : ccNumber
 - setRunTimeProperty - RuntimeProperties - INFO - 20-05-2018 13:56:21 </font><br><font face='trendy' color= 'LimeGreen' size='3.5'> - set runtime value for Key : ccType
 - setRunTimeProperty - RuntimeProperties - INFO - 20-05-2018 13:56:21 </font><br><font face='trendy' color= 'LimeGreen' size='3.5'> - set runtime value for Key : ccExpDateYear
 - setRunTimeProperty - RuntimeProperties - INFO - 20-05-2018 13:56:21 </font><br><font face='trendy' color= 'LimeGreen' size='3.5'> - set runtime value for Key : ccExpDateMonth
 - setRunTimeProperty - RuntimeProperties - INFO - 20-05-2018 13:56:21 </font><br><font face='trendy' color= 'LimeGreen' size='3.5'> - set runtime value for Key : ccCardValidationNum
 - setRunTimeProperty - RuntimeProperties - INFO - 20-05-2018 13:56:21 </font><br><font face='trendy' color= 'LimeGreen' size='3.5'> - set runtime value for Key : billToTitle
 - setRunTimeProperty - RuntimeProperties - INFO - 20-05-2018 13:56:21 </font><br><font face='trendy' color= 'LimeGreen' size='3.5'> - set runtime value for Key : billToFirstName
 - setRunTimeProperty - RuntimeProperties - INFO - 20-05-2018 13:56:21 </font><br><font face='trendy' color= 'LimeGreen' size='3.5'> - set runtime value for Key : billToMiddleName
 - setRunTimeProperty - RuntimeProperties - INFO - 20-05-2018 13:56:21 </font><br><font face='trendy' color= 'LimeGreen' size='3.5'> - set runtime value for Key : billToLastName
 - setRunTimeProperty - RuntimeProperties - INFO - 20-05-2018 13:56:21 </font><br><font face='trendy' color= 'LimeGreen' size='3.5'> - set runtime value for Key : billToAddressLine1
 - setRunTimeProperty - RuntimeProperties - INFO - 20-05-2018 13:56:21 </font><br><font face='trendy' color= 'LimeGreen' size='3.5'> - set runtime value for Key : billToAddressLine2
 - setRunTimeProperty - RuntimeProperties - INFO - 20-05-2018 13:56:21 </font><br><font face='trendy' color= 'LimeGreen' size='3.5'> - set runtime value for Key : billToAddressLine3
 - setRunTimeProperty - RuntimeProperties - INFO - 20-05-2018 13:56:21 </font><br><font face='trendy' color= 'LimeGreen' size='3.5'> - set runtime value for Key : billToCity
 - setRunTimeProperty - RuntimeProperties - INFO - 20-05-2018 13:56:21 </font><br><font face='trendy' color= 'LimeGreen' size='3.5'> - set runtime value for Key : billToState
 - setRunTimeProperty - RuntimeProperties - INFO - 20-05-2018 13:56:21 </font><br><font face='trendy' color= 'LimeGreen' size='3.5'> - set runtime value for Key : billToZip
 - setRunTimeProperty - RuntimeProperties - INFO - 20-05-2018 13:56:21 </font><br><font face='trendy' color= 'LimeGreen' size='3.5'> - set runtime value for Key : billToCountry
 - setRunTimeProperty - RuntimeProperties - INFO - 20-05-2018 13:56:21 </font><br><font face='trendy' color= 'LimeGreen' size='3.5'> - set runtime value for Key : billToEmail
 - setRunTimeProperty - RuntimeProperties - INFO - 20-05-2018 13:56:21 </font><br><font face='trendy' color= 'LimeGreen' size='3.5'> - set runtime value for Key : billToPhone
 - setRunTimeProperty - RuntimeProperties - INFO - 20-05-2018 13:56:21 </font><br><font face='trendy' color= 'LimeGreen' size='3.5'> - set runtime value for Key : remoteAddr
 - setRunTimeProperty - RuntimeProperties - INFO - 20-05-2018 13:56:21 </font><br><font face='trendy' color= 'LimeGreen' size='3.5'> - set runtime value for Key : amount
 - setRunTimeProperty - RuntimeProperties - INFO - 20-05-2018 13:56:21 </font><br><font face='trendy' color= 'LimeGreen' size='3.5'> - set runtime value for Key : currencyCode
 - setRunTimeProperty - RuntimeProperties - INFO - 20-05-2018 13:56:21 </font><br><font face='trendy' color= 'LimeGreen' size='3.5'> - set runtime value for Key : charityId
 - setRunTimeProperty - RuntimeProperties - INFO - 20-05-2018 13:56:21 </font><br><font face='trendy' color= 'LimeGreen' size='3.5'> - set runtime value for Key : eventId
 - setRunTimeProperty - RuntimeProperties - INFO - 20-05-2018 13:56:21 </font><br><font face='trendy' color= 'LimeGreen' size='3.5'> - set runtime value for Key : fundraiserId
 - setRunTimeProperty - RuntimeProperties - INFO - 20-05-2018 13:56:21 </font><br><font face='trendy' color= 'LimeGreen' size='3.5'> - set runtime value for Key : orderId
 - setRunTimeProperty - RuntimeProperties - INFO - 20-05-2018 13:56:21 </font><br><font face='trendy' color= 'LimeGreen' size='3.5'> - set runtime value for Key : description
 - setRunTimeProperty - RuntimeProperties - INFO - 20-05-2018 13:56:21 </font><br><font face='trendy' color= 'LimeGreen' size='3.5'> - set runtime value for Key : reportDonationToTaxAuthority
 - setRunTimeProperty - RuntimeProperties - INFO - 20-05-2018 13:56:21 </font><br><font face='trendy' color= 'LimeGreen' size='3.5'> - set runtime value for Key : personalIdentificationNumber
 - setRunTimeProperty - RuntimeProperties - INFO - 20-05-2018 13:56:21 </font><br><font face='trendy' color= 'LimeGreen' size='3.5'> - set runtime value for Key : donationMessage
 - setRunTimeProperty - RuntimeProperties - INFO - 20-05-2018 13:56:21 </font><br><font face='trendy' color= 'LimeGreen' size='3.5'> - initializing HttpClient
 - getClient - APIHelpers - INFO - 20-05-2018 13:56:21 </font><br><font face='trendy' color= 'LimeGreen' size='3.5'> - replacing variables
 - replaceVariablesWithRuntimeProperties - UtilityMethods - INFO - 20-05-2018 13:56:21 </font><br><font face='trendy' color= 'LimeGreen' size='3.5'> - https://qa-api.firstgiving.com/donation/creditcard
 - replaceVariablesWithRuntimeProperties - UtilityMethods - INFO - 20-05-2018 13:56:21 </font><br><font face='trendy' color= 'LimeGreen' size='3.5'> - getting runtime value for Key : charityId
 - getRunTimeProperty - RuntimeProperties - INFO - 20-05-2018 13:56:21 </font><br><font face='trendy' color= 'LimeGreen' size='3.5'> - getting runtime value for Key : charityId
 - getRunTimeProperty - RuntimeProperties - INFO - 20-05-2018 13:56:21 </font><br><font face='trendy' color= 'LimeGreen' size='3.5'> - getting runtime value for Key : charityId
 - getRunTimeProperty - RuntimeProperties - INFO - 20-05-2018 13:56:21 </font><br><font face='trendy' color= 'LimeGreen' size='3.5'> - getting runtime value for Key : ccCardValidationNum
 - getRunTimeProperty - RuntimeProperties - INFO - 20-05-2018 13:56:21 </font><br><font face='trendy' color= 'LimeGreen' size='3.5'> - getting runtime value for Key : ccCardValidationNum
 - getRunTimeProperty - RuntimeProperties - INFO - 20-05-2018 13:56:21 </font><br><font face='trendy' color= 'LimeGreen' size='3.5'> - getting runtime value for Key : ccCardValidationNum
 - getRunTimeProperty - RuntimeProperties - INFO - 20-05-2018 13:56:21 </font><br><font face='trendy' color= 'LimeGreen' size='3.5'> - getting runtime value for Key : billToFirstName
 - getRunTimeProperty - RuntimeProperties - INFO - 20-05-2018 13:56:21 </font><br><font face='trendy' color= 'LimeGreen' size='3.5'> - getting runtime value for Key : billToFirstName
 - getRunTimeProperty - RuntimeProperties - INFO - 20-05-2018 13:56:21 </font><br><font face='trendy' color= 'LimeGreen' size='3.5'> - getting runtime value for Key : billToFirstName
 - getRunTimeProperty - RuntimeProperties - INFO - 20-05-2018 13:56:21 </font><br><font face='trendy' color= 'LimeGreen' size='3.5'> - getting runtime value for Key : billToAddressLine3
 - getRunTimeProperty - RuntimeProperties - INFO - 20-05-2018 13:56:21 </font><br><font face='trendy' color= 'LimeGreen' size='3.5'> - getting runtime value for Key : billToAddressLine3
 - getRunTimeProperty - RuntimeProperties - INFO - 20-05-2018 13:56:21 </font><br><font face='trendy' color= 'LimeGreen' size='3.5'> - getting runtime value for Key : billToAddressLine3
 - getRunTimeProperty - RuntimeProperties - INFO - 20-05-2018 13:56:21 </font><br><font face='trendy' color= 'LimeGreen' size='3.5'> - getting runtime value for Key : ccNumber
 - getRunTimeProperty - RuntimeProperties - INFO - 20-05-2018 13:56:21 </font><br><font face='trendy' color= 'LimeGreen' size='3.5'> - getting runtime value for Key : ccNumber
 - getRunTimeProperty - RuntimeProperties - INFO - 20-05-2018 13:56:21 </font><br><font face='trendy' color= 'LimeGreen' size='3.5'> - getting runtime value for Key : ccNumber
 - getRunTimeProperty - RuntimeProperties - INFO - 20-05-2018 13:56:21 </font><br><font face='trendy' color= 'LimeGreen' size='3.5'> - getting runtime value for Key : billToAddressLine2
 - getRunTimeProperty - RuntimeProperties - INFO - 20-05-2018 13:56:21 </font><br><font face='trendy' color= 'LimeGreen' size='3.5'> - getting runtime value for Key : billToAddressLine2
 - getRunTimeProperty - RuntimeProperties - INFO - 20-05-2018 13:56:21 </font><br><font face='trendy' color= 'LimeGreen' size='3.5'> - getting runtime value for Key : billToAddressLine2
 - getRunTimeProperty - RuntimeProperties - INFO - 20-05-2018 13:56:21 </font><br><font face='trendy' color= 'LimeGreen' size='3.5'> - getting runtime value for Key : billToAddressLine1
 - getRunTimeProperty - RuntimeProperties - INFO - 20-05-2018 13:56:21 </font><br><font face='trendy' color= 'LimeGreen' size='3.5'> - getting runtime value for Key : billToAddressLine1
 - getRunTimeProperty - RuntimeProperties - INFO - 20-05-2018 13:56:21 </font><br><font face='trendy' color= 'LimeGreen' size='3.5'> - getting runtime value for Key : billToAddressLine1
 - getRunTimeProperty - RuntimeProperties - INFO - 20-05-2018 13:56:21 </font><br><font face='trendy' color= 'LimeGreen' size='3.5'> - getting runtime value for Key : remoteAddr
 - getRunTimeProperty - RuntimeProperties - INFO - 20-05-2018 13:56:21 </font><br><font face='trendy' color= 'LimeGreen' size='3.5'> - getting runtime value for Key : remoteAddr
 - getRunTimeProperty - RuntimeProperties - INFO - 20-05-2018 13:56:21 </font><br><font face='trendy' color= 'LimeGreen' size='3.5'> - getting runtime value for Key : remoteAddr
 - getRunTimeProperty - RuntimeProperties - INFO - 20-05-2018 13:56:21 </font><br><font face='trendy' color= 'LimeGreen' size='3.5'> - getting runtime value for Key : billToCity
 - getRunTimeProperty - RuntimeProperties - INFO - 20-05-2018 13:56:21 </font><br><font face='trendy' color= 'LimeGreen' size='3.5'> - getting runtime value for Key : billToCity
 - getRunTimeProperty - RuntimeProperties - INFO - 20-05-2018 13:56:21 </font><br><font face='trendy' color= 'LimeGreen' size='3.5'> - getting runtime value for Key : billToCity
 - getRunTimeProperty - RuntimeProperties - INFO - 20-05-2018 13:56:21 </font><br><font face='trendy' color= 'LimeGreen' size='3.5'> - getting runtime value for Key : ccExpDateMonth
 - getRunTimeProperty - RuntimeProperties - INFO - 20-05-2018 13:56:21 </font><br><font face='trendy' color= 'LimeGreen' size='3.5'> - getting runtime value for Key : ccExpDateMonth
 - getRunTimeProperty - RuntimeProperties - INFO - 20-05-2018 13:56:21 </font><br><font face='trendy' color= 'LimeGreen' size='3.5'> - getting runtime value for Key : ccExpDateMonth
 - getRunTimeProperty - RuntimeProperties - INFO - 20-05-2018 13:56:21 </font><br><font face='trendy' color= 'LimeGreen' size='3.5'> - getting runtime value for Key : currencyCode
 - getRunTimeProperty - RuntimeProperties - INFO - 20-05-2018 13:56:21 </font><br><font face='trendy' color= 'LimeGreen' size='3.5'> - getting runtime value for Key : currencyCode
 - getRunTimeProperty - RuntimeProperties - INFO - 20-05-2018 13:56:21 </font><br><font face='trendy' color= 'LimeGreen' size='3.5'> - getting runtime value for Key : currencyCode
 - getRunTimeProperty - RuntimeProperties - INFO - 20-05-2018 13:56:21 </font><br><font face='trendy' color= 'LimeGreen' size='3.5'> - getting runtime value for Key : donationMessage
 - getRunTimeProperty - RuntimeProperties - INFO - 20-05-2018 13:56:21 </font><br><font face='trendy' color= 'LimeGreen' size='3.5'> - getting runtime value for Key : donationMessage
 - getRunTimeProperty - RuntimeProperties - INFO - 20-05-2018 13:56:21 </font><br><font face='trendy' color= 'LimeGreen' size='3.5'> - getting runtime value for Key : donationMessage
 - getRunTimeProperty - RuntimeProperties - INFO - 20-05-2018 13:56:21 </font><br><font face='trendy' color= 'LimeGreen' size='3.5'> - getting runtime value for Key : amount
 - getRunTimeProperty - RuntimeProperties - INFO - 20-05-2018 13:56:21 </font><br><font face='trendy' color= 'LimeGreen' size='3.5'> - getting runtime value for Key : amount
 - getRunTimeProperty - RuntimeProperties - INFO - 20-05-2018 13:56:21 </font><br><font face='trendy' color= 'LimeGreen' size='3.5'> - getting runtime value for Key : amount
 - getRunTimeProperty - RuntimeProperties - INFO - 20-05-2018 13:56:21 </font><br><font face='trendy' color= 'LimeGreen' size='3.5'> - getting runtime value for Key : orderId
 - getRunTimeProperty - RuntimeProperties - INFO - 20-05-2018 13:56:21 </font><br><font face='trendy' color= 'LimeGreen' size='3.5'> - getting runtime value for Key : orderId
 - getRunTimeProperty - RuntimeProperties - INFO - 20-05-2018 13:56:21 </font><br><font face='trendy' color= 'LimeGreen' size='3.5'> - getting runtime value for Key : orderId
 - getRunTimeProperty - RuntimeProperties - INFO - 20-05-2018 13:56:21 </font><br><font face='trendy' color= 'LimeGreen' size='3.5'> - getting runtime value for Key : billToZip
 - getRunTimeProperty - RuntimeProperties - INFO - 20-05-2018 13:56:21 </font><br><font face='trendy' color= 'LimeGreen' size='3.5'> - getting runtime value for Key : billToZip
 - getRunTimeProperty - RuntimeProperties - INFO - 20-05-2018 13:56:21 </font><br><font face='trendy' color= 'LimeGreen' size='3.5'> - getting runtime value for Key : billToZip
 - getRunTimeProperty - RuntimeProperties - INFO - 20-05-2018 13:56:21 </font><br><font face='trendy' color= 'LimeGreen' size='3.5'> - getting runtime value for Key : personalIdentificationNumber
 - getRunTimeProperty - RuntimeProperties - INFO - 20-05-2018 13:56:21 </font><br><font face='trendy' color= 'LimeGreen' size='3.5'> - getting runtime value for Key : personalIdentificationNumber
 - getRunTimeProperty - RuntimeProperties - INFO - 20-05-2018 13:56:21 </font><br><font face='trendy' color= 'LimeGreen' size='3.5'> - getting runtime value for Key : personalIdentificationNumber
 - getRunTimeProperty - RuntimeProperties - INFO - 20-05-2018 13:56:21 </font><br><font face='trendy' color= 'LimeGreen' size='3.5'> - getting runtime value for Key : billToState
 - getRunTimeProperty - RuntimeProperties - INFO - 20-05-2018 13:56:21 </font><br><font face='trendy' color= 'LimeGreen' size='3.5'> - getting runtime value for Key : billToState
 - getRunTimeProperty - RuntimeProperties - INFO - 20-05-2018 13:56:21 </font><br><font face='trendy' color= 'LimeGreen' size='3.5'> - getting runtime value for Key : billToState
 - getRunTimeProperty - RuntimeProperties - INFO - 20-05-2018 13:56:21 </font><br><font face='trendy' color= 'LimeGreen' size='3.5'> - getting runtime value for Key : billToCountry
 - getRunTimeProperty - RuntimeProperties - INFO - 20-05-2018 13:56:21 </font><br><font face='trendy' color= 'LimeGreen' size='3.5'> - getting runtime value for Key : billToCountry
 - getRunTimeProperty - RuntimeProperties - INFO - 20-05-2018 13:56:21 </font><br><font face='trendy' color= 'LimeGreen' size='3.5'> - getting runtime value for Key : billToCountry
 - getRunTimeProperty - RuntimeProperties - INFO - 20-05-2018 13:56:21 </font><br><font face='trendy' color= 'LimeGreen' size='3.5'> - getting runtime value for Key : reportDonationToTaxAuthority
 - getRunTimeProperty - RuntimeProperties - INFO - 20-05-2018 13:56:21 </font><br><font face='trendy' color= 'LimeGreen' size='3.5'> - getting runtime value for Key : reportDonationToTaxAuthority
 - getRunTimeProperty - RuntimeProperties - INFO - 20-05-2018 13:56:21 </font><br><font face='trendy' color= 'LimeGreen' size='3.5'> - getting runtime value for Key : reportDonationToTaxAuthority
 - getRunTimeProperty - RuntimeProperties - INFO - 20-05-2018 13:56:21 </font><br><font face='trendy' color= 'LimeGreen' size='3.5'> - getting runtime value for Key : billToMiddleName
 - getRunTimeProperty - RuntimeProperties - INFO - 20-05-2018 13:56:21 </font><br><font face='trendy' color= 'LimeGreen' size='3.5'> - getting runtime value for Key : billToMiddleName
 - getRunTimeProperty - RuntimeProperties - INFO - 20-05-2018 13:56:21 </font><br><font face='trendy' color= 'LimeGreen' size='3.5'> - getting runtime value for Key : billToMiddleName
 - getRunTimeProperty - RuntimeProperties - INFO - 20-05-2018 13:56:21 </font><br><font face='trendy' color= 'LimeGreen' size='3.5'> - getting runtime value for Key : eventId
 - getRunTimeProperty - RuntimeProperties - INFO - 20-05-2018 13:56:21 </font><br><font face='trendy' color= 'LimeGreen' size='3.5'> - getting runtime value for Key : eventId
 - getRunTimeProperty - RuntimeProperties - INFO - 20-05-2018 13:56:21 </font><br><font face='trendy' color= 'LimeGreen' size='3.5'> - getting runtime value for Key : eventId
 - getRunTimeProperty - RuntimeProperties - INFO - 20-05-2018 13:56:21 </font><br><font face='trendy' color= 'LimeGreen' size='3.5'> - getting runtime value for Key : ccType
 - getRunTimeProperty - RuntimeProperties - INFO - 20-05-2018 13:56:21 </font><br><font face='trendy' color= 'LimeGreen' size='3.5'> - getting runtime value for Key : ccType
 - getRunTimeProperty - RuntimeProperties - INFO - 20-05-2018 13:56:21 </font><br><font face='trendy' color= 'LimeGreen' size='3.5'> - getting runtime value for Key : ccType
 - getRunTimeProperty - RuntimeProperties - INFO - 20-05-2018 13:56:21 </font><br><font face='trendy' color= 'LimeGreen' size='3.5'> - getting runtime value for Key : ccExpDateYear
 - getRunTimeProperty - RuntimeProperties - INFO - 20-05-2018 13:56:21 </font><br><font face='trendy' color= 'LimeGreen' size='3.5'> - getting runtime value for Key : ccExpDateYear
 - getRunTimeProperty - RuntimeProperties - INFO - 20-05-2018 13:56:21 </font><br><font face='trendy' color= 'LimeGreen' size='3.5'> - getting runtime value for Key : ccExpDateYear
 - getRunTimeProperty - RuntimeProperties - INFO - 20-05-2018 13:56:21 </font><br><font face='trendy' color= 'LimeGreen' size='3.5'> - getting runtime value for Key : description
 - getRunTimeProperty - RuntimeProperties - INFO - 20-05-2018 13:56:21 </font><br><font face='trendy' color= 'LimeGreen' size='3.5'> - getting runtime value for Key : description
 - getRunTimeProperty - RuntimeProperties - INFO - 20-05-2018 13:56:21 </font><br><font face='trendy' color= 'LimeGreen' size='3.5'> - getting runtime value for Key : description
 - getRunTimeProperty - RuntimeProperties - INFO - 20-05-2018 13:56:21 </font><br><font face='trendy' color= 'LimeGreen' size='3.5'> - getting runtime value for Key : billToEmail
 - getRunTimeProperty - RuntimeProperties - INFO - 20-05-2018 13:56:21 </font><br><font face='trendy' color= 'LimeGreen' size='3.5'> - getting runtime value for Key : billToEmail
 - getRunTimeProperty - RuntimeProperties - INFO - 20-05-2018 13:56:21 </font><br><font face='trendy' color= 'LimeGreen' size='3.5'> - getting runtime value for Key : billToEmail
 - getRunTimeProperty - RuntimeProperties - INFO - 20-05-2018 13:56:21 </font><br><font face='trendy' color= 'LimeGreen' size='3.5'> - getting runtime value for Key : billToLastName
 - getRunTimeProperty - RuntimeProperties - INFO - 20-05-2018 13:56:21 </font><br><font face='trendy' color= 'LimeGreen' size='3.5'> - getting runtime value for Key : billToLastName
 - getRunTimeProperty - RuntimeProperties - INFO - 20-05-2018 13:56:21 </font><br><font face='trendy' color= 'LimeGreen' size='3.5'> - getting runtime value for Key : billToLastName
 - getRunTimeProperty - RuntimeProperties - INFO - 20-05-2018 13:56:21 </font><br><font face='trendy' color= 'LimeGreen' size='3.5'> - initialising request type : POST
 - getHttpMethod - APIHelpers - INFO - 20-05-2018 13:56:21 </font><br><font face='trendy' color= 'LimeGreen' size='3.5'> - adding headers
 - addHeader - APIHelpers - INFO - 20-05-2018 13:56:21 </font><br><font face='trendy' color= 'LimeGreen' size='3.5'> - Executing : POST Request
 - execute - APIHelpers - INFO - 20-05-2018 13:56:21 </font><br><font face='trendy' color= 'red' size='3.5'> - error while executing the requesthttps://qa-api.firstgiving.com/donation/creditcard?charityId=b62c2436-edd0-11df-ab8c-4061860da51d&ccCardValidationNum=123&billToFirstName=John&billToAddressLine3=3MainSt.&ccNumber=4111111111111111&billToAddressLine2=2MainSt.&billToAddressLine1=1MainSt.&remoteAddr=1.1.1.1&billToCity=Burlington&ccExpDateMonth=01&currencyCode=USD&donationMessage=Testing_messag&amount=5.00&orderId=1234&billToZip=01803&personalIdentificationNumber=0&billToState=MA&billToCountry=US&reportDonationToTaxAuthority=0&billToMiddleName=D&eventId=12345&ccType=VI&ccExpDateYear=23&description=Test&billToEmail=alex.winskie@frontstreampayments.com&billToLastName=Smith

com.httpclient.APIHelpers.execute(APIHelpers.java:266)
com.httpclient.APIHelpers.executePostRequest(APIHelpers.java:416)
com.testsuite.api.FirstGivingDonationAPI.tc_API_001_DonationAPI(FirstGivingDonationAPI.java:49)
sun.reflect.NativeMethodAccessorImpl.invoke0(Native Method)
sun.reflect.NativeMethodAccessorImpl.invoke(NativeMethodAccessorImpl.java:62)
sun.reflect.DelegatingMethodAccessorImpl.invoke(DelegatingMethodAccessorImpl.java:43)
java.lang.reflect.Method.invoke(Method.java:483)
org.testng.internal.MethodInvocationHelper.invokeMethod(MethodInvocationHelper.java:84)
org.testng.internal.InvokeMethodRunnable.runOne(InvokeMethodRunnable.java:46)
org.testng.internal.InvokeMethodRunnable.run(InvokeMethodRunnable.java:37)
org.testng.internal.MethodInvocationHelper.invokeWithTimeoutWithNoExecutor(MethodInvocationHelper.java:240)
org.testng.internal.MethodInvocationHelper.invokeWithTimeout(MethodInvocationHelper.java:229)
org.testng.internal.Invoker.invokeMethod(Invoker.java:724)
org.testng.internal.Invoker.invokeTestMethod(Invoker.java:901)
org.testng.internal.Invoker.invokeTestMethods(Invoker.java:1231)
org.testng.internal.TestMethodWorker.invokeTestMethods(TestMethodWorker.java:127)
org.testng.internal.TestMethodWorker.run(TestMethodWorker.java:111)
org.testng.TestRunner.privateRun(TestRunner.java:767)
org.testng.TestRunner.run(TestRunner.java:617)
org.testng.SuiteRunner.runTest(SuiteRunner.java:334)
org.testng.SuiteRunner.access$000(SuiteRunner.java:37)
org.testng.SuiteRunner$SuiteWorker.run(SuiteRunner.java:368)
org.testng.internal.thread.ThreadUtil$2.call(ThreadUtil.java:64)
java.util.concurrent.FutureTask.run(FutureTask.java:266)
java.util.concurrent.ThreadPoolExecutor.runWorker(ThreadPoolExecutor.java:1142)
java.util.concurrent.ThreadPoolExecutor$Worker.run(ThreadPoolExecutor.java:617)
java.lang.Thread.run(Thread.java:745)
 - execute - APIHelpers - ERROR - 20-05-2018 13:56:23 </font><br><font face='trendy' color= 'red' size='3.5'> - xxxxxxxxxxxxxxxxxxxxxxxxxxxxxxxxxxxxxxxxxxxxxxxxxxxxxxxxxxx

 - onTestFailure - TestListener - ERROR - 20-05-2018 13:56:23 </font><br><font face='trendy' color= 'red' size='3.5'> - ERROR ----------tc_API_001_DonationAPI has failed-----------------
 - onTestFailure - TestListener - ERROR - 20-05-2018 13:56:23 </font><br><font face='trendy' color= 'red' size='3.5'> - xxxxxxxxxxxxxxxxxxxxxxxxxxxxxxxxxxxxxxxxxxxxxxxxxxxxxxxxxxx

 - onTestFailure - TestListener - ERROR - 20-05-2018 13:56:23 </font><br><font face='trendy' color= 'LimeGreen' size='3.5'> - <h2>**************CURRENTLY RUNNING TEST************ tc_API_001_DonationAPI</h2>
 - onTestStart - TestListener - INFO - 20-05-2018 13:56:23 </font><br><font face='trendy' color= 'LimeGreen' size='3.5'> - set runtime value for Key : pledgeId
 - setRunTimeProperty - RuntimeProperties - INFO - 20-05-2018 13:56:23 </font><br><font face='trendy' color= 'LimeGreen' size='3.5'> - set runtime value for Key : ccNumber
 - setRunTimeProperty - RuntimeProperties - INFO - 20-05-2018 13:56:23 </font><br><font face='trendy' color= 'LimeGreen' size='3.5'> - set runtime value for Key : ccType
 - setRunTimeProperty - RuntimeProperties - INFO - 20-05-2018 13:56:23 </font><br><font face='trendy' color= 'LimeGreen' size='3.5'> - set runtime value for Key : ccExpDateYear
 - setRunTimeProperty - RuntimeProperties - INFO - 20-05-2018 13:56:23 </font><br><font face='trendy' color= 'LimeGreen' size='3.5'> - set runtime value for Key : ccExpDateMonth
 - setRunTimeProperty - RuntimeProperties - INFO - 20-05-2018 13:56:23 </font><br><font face='trendy' color= 'LimeGreen' size='3.5'> - set runtime value for Key : ccCardValidationNum
 - setRunTimeProperty - RuntimeProperties - INFO - 20-05-2018 13:56:23 </font><br><font face='trendy' color= 'LimeGreen' size='3.5'> - set runtime value for Key : billToTitle
 - setRunTimeProperty - RuntimeProperties - INFO - 20-05-2018 13:56:23 </font><br><font face='trendy' color= 'LimeGreen' size='3.5'> - set runtime value for Key : billToFirstName
 - setRunTimeProperty - RuntimeProperties - INFO - 20-05-2018 13:56:23 </font><br><font face='trendy' color= 'LimeGreen' size='3.5'> - set runtime value for Key : billToMiddleName
 - setRunTimeProperty - RuntimeProperties - INFO - 20-05-2018 13:56:23 </font><br><font face='trendy' color= 'LimeGreen' size='3.5'> - set runtime value for Key : billToLastName
 - setRunTimeProperty - RuntimeProperties - INFO - 20-05-2018 13:56:23 </font><br><font face='trendy' color= 'LimeGreen' size='3.5'> - set runtime value for Key : billToAddressLine1
 - setRunTimeProperty - RuntimeProperties - INFO - 20-05-2018 13:56:23 </font><br><font face='trendy' color= 'LimeGreen' size='3.5'> - set runtime value for Key : billToAddressLine2
 - setRunTimeProperty - RuntimeProperties - INFO - 20-05-2018 13:56:23 </font><br><font face='trendy' color= 'LimeGreen' size='3.5'> - set runtime value for Key : billToAddressLine3
 - setRunTimeProperty - RuntimeProperties - INFO - 20-05-2018 13:56:23 </font><br><font face='trendy' color= 'LimeGreen' size='3.5'> - set runtime value for Key : billToCity
 - setRunTimeProperty - RuntimeProperties - INFO - 20-05-2018 13:56:23 </font><br><font face='trendy' color= 'LimeGreen' size='3.5'> - set runtime value for Key : billToState
 - setRunTimeProperty - RuntimeProperties - INFO - 20-05-2018 13:56:23 </font><br><font face='trendy' color= 'LimeGreen' size='3.5'> - set runtime value for Key : billToZip
 - setRunTimeProperty - RuntimeProperties - INFO - 20-05-2018 13:56:23 </font><br><font face='trendy' color= 'LimeGreen' size='3.5'> - set runtime value for Key : billToCountry
 - setRunTimeProperty - RuntimeProperties - INFO - 20-05-2018 13:56:23 </font><br><font face='trendy' color= 'LimeGreen' size='3.5'> - set runtime value for Key : billToEmail
 - setRunTimeProperty - RuntimeProperties - INFO - 20-05-2018 13:56:23 </font><br><font face='trendy' color= 'LimeGreen' size='3.5'> - set runtime value for Key : billToPhone
 - setRunTimeProperty - RuntimeProperties - INFO - 20-05-2018 13:56:23 </font><br><font face='trendy' color= 'LimeGreen' size='3.5'> - set runtime value for Key : remoteAddr
 - setRunTimeProperty - RuntimeProperties - INFO - 20-05-2018 13:56:23 </font><br><font face='trendy' color= 'LimeGreen' size='3.5'> - set runtime value for Key : amount
 - setRunTimeProperty - RuntimeProperties - INFO - 20-05-2018 13:56:23 </font><br><font face='trendy' color= 'LimeGreen' size='3.5'> - set runtime value for Key : currencyCode
 - setRunTimeProperty - RuntimeProperties - INFO - 20-05-2018 13:56:23 </font><br><font face='trendy' color= 'LimeGreen' size='3.5'> - set runtime value for Key : charityId
 - setRunTimeProperty - RuntimeProperties - INFO - 20-05-2018 13:56:23 </font><br><font face='trendy' color= 'LimeGreen' size='3.5'> - set runtime value for Key : eventId
 - setRunTimeProperty - RuntimeProperties - INFO - 20-05-2018 13:56:23 </font><br><font face='trendy' color= 'LimeGreen' size='3.5'> - set runtime value for Key : fundraiserId
 - setRunTimeProperty - RuntimeProperties - INFO - 20-05-2018 13:56:23 </font><br><font face='trendy' color= 'LimeGreen' size='3.5'> - set runtime value for Key : orderId
 - setRunTimeProperty - RuntimeProperties - INFO - 20-05-2018 13:56:23 </font><br><font face='trendy' color= 'LimeGreen' size='3.5'> - set runtime value for Key : description
 - setRunTimeProperty - RuntimeProperties - INFO - 20-05-2018 13:56:23 </font><br><font face='trendy' color= 'LimeGreen' size='3.5'> - set runtime value for Key : reportDonationToTaxAuthority
 - setRunTimeProperty - RuntimeProperties - INFO - 20-05-2018 13:56:23 </font><br><font face='trendy' color= 'LimeGreen' size='3.5'> - set runtime value for Key : personalIdentificationNumber
 - setRunTimeProperty - RuntimeProperties - INFO - 20-05-2018 13:56:23 </font><br><font face='trendy' color= 'LimeGreen' size='3.5'> - set runtime value for Key : donationMessage
 - setRunTimeProperty - RuntimeProperties - INFO - 20-05-2018 13:56:23 </font><br><font face='trendy' color= 'LimeGreen' size='3.5'> - initializing HttpClient
 - getClient - APIHelpers - INFO - 20-05-2018 13:56:23 </font><br><font face='trendy' color= 'LimeGreen' size='3.5'> - replacing variables
 - replaceVariablesWithRuntimeProperties - UtilityMethods - INFO - 20-05-2018 13:56:23 </font><br><font face='trendy' color= 'LimeGreen' size='3.5'> - https://qa-api.firstgiving.com/donation/creditcard
 - replaceVariablesWithRuntimeProperties - UtilityMethods - INFO - 20-05-2018 13:56:23 </font><br><font face='trendy' color= 'LimeGreen' size='3.5'> - getting runtime value for Key : charityId
 - getRunTimeProperty - RuntimeProperties - INFO - 20-05-2018 13:56:23 </font><br><font face='trendy' color= 'LimeGreen' size='3.5'> - getting runtime value for Key : charityId
 - getRunTimeProperty - RuntimeProperties - INFO - 20-05-2018 13:56:23 </font><br><font face='trendy' color= 'LimeGreen' size='3.5'> - getting runtime value for Key : charityId
 - getRunTimeProperty - RuntimeProperties - INFO - 20-05-2018 13:56:23 </font><br><font face='trendy' color= 'LimeGreen' size='3.5'> - getting runtime value for Key : ccCardValidationNum
 - getRunTimeProperty - RuntimeProperties - INFO - 20-05-2018 13:56:23 </font><br><font face='trendy' color= 'LimeGreen' size='3.5'> - getting runtime value for Key : ccCardValidationNum
 - getRunTimeProperty - RuntimeProperties - INFO - 20-05-2018 13:56:23 </font><br><font face='trendy' color= 'LimeGreen' size='3.5'> - getting runtime value for Key : ccCardValidationNum
 - getRunTimeProperty - RuntimeProperties - INFO - 20-05-2018 13:56:23 </font><br><font face='trendy' color= 'LimeGreen' size='3.5'> - getting runtime value for Key : billToFirstName
 - getRunTimeProperty - RuntimeProperties - INFO - 20-05-2018 13:56:23 </font><br><font face='trendy' color= 'LimeGreen' size='3.5'> - getting runtime value for Key : billToFirstName
 - getRunTimeProperty - RuntimeProperties - INFO - 20-05-2018 13:56:23 </font><br><font face='trendy' color= 'LimeGreen' size='3.5'> - getting runtime value for Key : billToFirstName
 - getRunTimeProperty - RuntimeProperties - INFO - 20-05-2018 13:56:23 </font><br><font face='trendy' color= 'LimeGreen' size='3.5'> - getting runtime value for Key : billToAddressLine3
 - getRunTimeProperty - RuntimeProperties - INFO - 20-05-2018 13:56:23 </font><br><font face='trendy' color= 'LimeGreen' size='3.5'> - getting runtime value for Key : billToAddressLine3
 - getRunTimeProperty - RuntimeProperties - INFO - 20-05-2018 13:56:23 </font><br><font face='trendy' color= 'LimeGreen' size='3.5'> - getting runtime value for Key : billToAddressLine3
 - getRunTimeProperty - RuntimeProperties - INFO - 20-05-2018 13:56:23 </font><br><font face='trendy' color= 'LimeGreen' size='3.5'> - getting runtime value for Key : ccNumber
 - getRunTimeProperty - RuntimeProperties - INFO - 20-05-2018 13:56:23 </font><br><font face='trendy' color= 'LimeGreen' size='3.5'> - getting runtime value for Key : ccNumber
 - getRunTimeProperty - RuntimeProperties - INFO - 20-05-2018 13:56:23 </font><br><font face='trendy' color= 'LimeGreen' size='3.5'> - getting runtime value for Key : ccNumber
 - getRunTimeProperty - RuntimeProperties - INFO - 20-05-2018 13:56:23 </font><br><font face='trendy' color= 'LimeGreen' size='3.5'> - getting runtime value for Key : billToAddressLine2
 - getRunTimeProperty - RuntimeProperties - INFO - 20-05-2018 13:56:23 </font><br><font face='trendy' color= 'LimeGreen' size='3.5'> - getting runtime value for Key : billToAddressLine2
 - getRunTimeProperty - RuntimeProperties - INFO - 20-05-2018 13:56:23 </font><br><font face='trendy' color= 'LimeGreen' size='3.5'> - getting runtime value for Key : billToAddressLine2
 - getRunTimeProperty - RuntimeProperties - INFO - 20-05-2018 13:56:23 </font><br><font face='trendy' color= 'LimeGreen' size='3.5'> - getting runtime value for Key : billToAddressLine1
 - getRunTimeProperty - RuntimeProperties - INFO - 20-05-2018 13:56:23 </font><br><font face='trendy' color= 'LimeGreen' size='3.5'> - getting runtime value for Key : billToAddressLine1
 - getRunTimeProperty - RuntimeProperties - INFO - 20-05-2018 13:56:23 </font><br><font face='trendy' color= 'LimeGreen' size='3.5'> - getting runtime value for Key : billToAddressLine1
 - getRunTimeProperty - RuntimeProperties - INFO - 20-05-2018 13:56:23 </font><br><font face='trendy' color= 'LimeGreen' size='3.5'> - getting runtime value for Key : remoteAddr
 - getRunTimeProperty - RuntimeProperties - INFO - 20-05-2018 13:56:23 </font><br><font face='trendy' color= 'LimeGreen' size='3.5'> - getting runtime value for Key : remoteAddr
 - getRunTimeProperty - RuntimeProperties - INFO - 20-05-2018 13:56:23 </font><br><font face='trendy' color= 'LimeGreen' size='3.5'> - getting runtime value for Key : remoteAddr
 - getRunTimeProperty - RuntimeProperties - INFO - 20-05-2018 13:56:23 </font><br><font face='trendy' color= 'LimeGreen' size='3.5'> - getting runtime value for Key : billToCity
 - getRunTimeProperty - RuntimeProperties - INFO - 20-05-2018 13:56:23 </font><br><font face='trendy' color= 'LimeGreen' size='3.5'> - getting runtime value for Key : billToCity
 - getRunTimeProperty - RuntimeProperties - INFO - 20-05-2018 13:56:23 </font><br><font face='trendy' color= 'LimeGreen' size='3.5'> - getting runtime value for Key : billToCity
 - getRunTimeProperty - RuntimeProperties - INFO - 20-05-2018 13:56:23 </font><br><font face='trendy' color= 'LimeGreen' size='3.5'> - getting runtime value for Key : ccExpDateMonth
 - getRunTimeProperty - RuntimeProperties - INFO - 20-05-2018 13:56:23 </font><br><font face='trendy' color= 'LimeGreen' size='3.5'> - getting runtime value for Key : ccExpDateMonth
 - getRunTimeProperty - RuntimeProperties - INFO - 20-05-2018 13:56:23 </font><br><font face='trendy' color= 'LimeGreen' size='3.5'> - getting runtime value for Key : ccExpDateMonth
 - getRunTimeProperty - RuntimeProperties - INFO - 20-05-2018 13:56:23 </font><br><font face='trendy' color= 'LimeGreen' size='3.5'> - getting runtime value for Key : currencyCode
 - getRunTimeProperty - RuntimeProperties - INFO - 20-05-2018 13:56:23 </font><br><font face='trendy' color= 'LimeGreen' size='3.5'> - getting runtime value for Key : currencyCode
 - getRunTimeProperty - RuntimeProperties - INFO - 20-05-2018 13:56:23 </font><br><font face='trendy' color= 'LimeGreen' size='3.5'> - getting runtime value for Key : currencyCode
 - getRunTimeProperty - RuntimeProperties - INFO - 20-05-2018 13:56:23 </font><br><font face='trendy' color= 'LimeGreen' size='3.5'> - getting runtime value for Key : donationMessage
 - getRunTimeProperty - RuntimeProperties - INFO - 20-05-2018 13:56:23 </font><br><font face='trendy' color= 'LimeGreen' size='3.5'> - getting runtime value for Key : donationMessage
 - getRunTimeProperty - RuntimeProperties - INFO - 20-05-2018 13:56:23 </font><br><font face='trendy' color= 'LimeGreen' size='3.5'> - getting runtime value for Key : donationMessage
 - getRunTimeProperty - RuntimeProperties - INFO - 20-05-2018 13:56:23 </font><br><font face='trendy' color= 'LimeGreen' size='3.5'> - getting runtime value for Key : amount
 - getRunTimeProperty - RuntimeProperties - INFO - 20-05-2018 13:56:23 </font><br><font face='trendy' color= 'LimeGreen' size='3.5'> - getting runtime value for Key : amount
 - getRunTimeProperty - RuntimeProperties - INFO - 20-05-2018 13:56:23 </font><br><font face='trendy' color= 'LimeGreen' size='3.5'> - getting runtime value for Key : amount
 - getRunTimeProperty - RuntimeProperties - INFO - 20-05-2018 13:56:23 </font><br><font face='trendy' color= 'LimeGreen' size='3.5'> - getting runtime value for Key : orderId
 - getRunTimeProperty - RuntimeProperties - INFO - 20-05-2018 13:56:23 </font><br><font face='trendy' color= 'LimeGreen' size='3.5'> - getting runtime value for Key : orderId
 - getRunTimeProperty - RuntimeProperties - INFO - 20-05-2018 13:56:23 </font><br><font face='trendy' color= 'LimeGreen' size='3.5'> - getting runtime value for Key : orderId
 - getRunTimeProperty - RuntimeProperties - INFO - 20-05-2018 13:56:23 </font><br><font face='trendy' color= 'LimeGreen' size='3.5'> - getting runtime value for Key : billToZip
 - getRunTimeProperty - RuntimeProperties - INFO - 20-05-2018 13:56:23 </font><br><font face='trendy' color= 'LimeGreen' size='3.5'> - getting runtime value for Key : billToZip
 - getRunTimeProperty - RuntimeProperties - INFO - 20-05-2018 13:56:23 </font><br><font face='trendy' color= 'LimeGreen' size='3.5'> - getting runtime value for Key : billToZip
 - getRunTimeProperty - RuntimeProperties - INFO - 20-05-2018 13:56:23 </font><br><font face='trendy' color= 'LimeGreen' size='3.5'> - getting runtime value for Key : personalIdentificationNumber
 - getRunTimeProperty - RuntimeProperties - INFO - 20-05-2018 13:56:23 </font><br><font face='trendy' color= 'LimeGreen' size='3.5'> - getting runtime value for Key : personalIdentificationNumber
 - getRunTimeProperty - RuntimeProperties - INFO - 20-05-2018 13:56:23 </font><br><font face='trendy' color= 'LimeGreen' size='3.5'> - getting runtime value for Key : personalIdentificationNumber
 - getRunTimeProperty - RuntimeProperties - INFO - 20-05-2018 13:56:23 </font><br><font face='trendy' color= 'LimeGreen' size='3.5'> - getting runtime value for Key : billToState
 - getRunTimeProperty - RuntimeProperties - INFO - 20-05-2018 13:56:23 </font><br><font face='trendy' color= 'LimeGreen' size='3.5'> - getting runtime value for Key : billToState
 - getRunTimeProperty - RuntimeProperties - INFO - 20-05-2018 13:56:23 </font><br><font face='trendy' color= 'LimeGreen' size='3.5'> - getting runtime value for Key : billToState
 - getRunTimeProperty - RuntimeProperties - INFO - 20-05-2018 13:56:23 </font><br><font face='trendy' color= 'LimeGreen' size='3.5'> - getting runtime value for Key : billToCountry
 - getRunTimeProperty - RuntimeProperties - INFO - 20-05-2018 13:56:23 </font><br><font face='trendy' color= 'LimeGreen' size='3.5'> - getting runtime value for Key : billToCountry
 - getRunTimeProperty - RuntimeProperties - INFO - 20-05-2018 13:56:23 </font><br><font face='trendy' color= 'LimeGreen' size='3.5'> - getting runtime value for Key : billToCountry
 - getRunTimeProperty - RuntimeProperties - INFO - 20-05-2018 13:56:23 </font><br><font face='trendy' color= 'LimeGreen' size='3.5'> - getting runtime value for Key : reportDonationToTaxAuthority
 - getRunTimeProperty - RuntimeProperties - INFO - 20-05-2018 13:56:23 </font><br><font face='trendy' color= 'LimeGreen' size='3.5'> - getting runtime value for Key : reportDonationToTaxAuthority
 - getRunTimeProperty - RuntimeProperties - INFO - 20-05-2018 13:56:23 </font><br><font face='trendy' color= 'LimeGreen' size='3.5'> - getting runtime value for Key : reportDonationToTaxAuthority
 - getRunTimeProperty - RuntimeProperties - INFO - 20-05-2018 13:56:23 </font><br><font face='trendy' color= 'LimeGreen' size='3.5'> - getting runtime value for Key : billToMiddleName
 - getRunTimeProperty - RuntimeProperties - INFO - 20-05-2018 13:56:23 </font><br><font face='trendy' color= 'LimeGreen' size='3.5'> - getting runtime value for Key : billToMiddleName
 - getRunTimeProperty - RuntimeProperties - INFO - 20-05-2018 13:56:23 </font><br><font face='trendy' color= 'LimeGreen' size='3.5'> - getting runtime value for Key : billToMiddleName
 - getRunTimeProperty - RuntimeProperties - INFO - 20-05-2018 13:56:23 </font><br><font face='trendy' color= 'LimeGreen' size='3.5'> - getting runtime value for Key : eventId
 - getRunTimeProperty - RuntimeProperties - INFO - 20-05-2018 13:56:23 </font><br><font face='trendy' color= 'LimeGreen' size='3.5'> - getting runtime value for Key : eventId
 - getRunTimeProperty - RuntimeProperties - INFO - 20-05-2018 13:56:23 </font><br><font face='trendy' color= 'LimeGreen' size='3.5'> - getting runtime value for Key : eventId
 - getRunTimeProperty - RuntimeProperties - INFO - 20-05-2018 13:56:23 </font><br><font face='trendy' color= 'LimeGreen' size='3.5'> - getting runtime value for Key : ccType
 - getRunTimeProperty - RuntimeProperties - INFO - 20-05-2018 13:56:23 </font><br><font face='trendy' color= 'LimeGreen' size='3.5'> - getting runtime value for Key : ccType
 - getRunTimeProperty - RuntimeProperties - INFO - 20-05-2018 13:56:23 </font><br><font face='trendy' color= 'LimeGreen' size='3.5'> - getting runtime value for Key : ccType
 - getRunTimeProperty - RuntimeProperties - INFO - 20-05-2018 13:56:23 </font><br><font face='trendy' color= 'LimeGreen' size='3.5'> - getting runtime value for Key : ccExpDateYear
 - getRunTimeProperty - RuntimeProperties - INFO - 20-05-2018 13:56:23 </font><br><font face='trendy' color= 'LimeGreen' size='3.5'> - getting runtime value for Key : ccExpDateYear
 - getRunTimeProperty - RuntimeProperties - INFO - 20-05-2018 13:56:23 </font><br><font face='trendy' color= 'LimeGreen' size='3.5'> - getting runtime value for Key : ccExpDateYear
 - getRunTimeProperty - RuntimeProperties - INFO - 20-05-2018 13:56:23 </font><br><font face='trendy' color= 'LimeGreen' size='3.5'> - getting runtime value for Key : description
 - getRunTimeProperty - RuntimeProperties - INFO - 20-05-2018 13:56:23 </font><br><font face='trendy' color= 'LimeGreen' size='3.5'> - getting runtime value for Key : description
 - getRunTimeProperty - RuntimeProperties - INFO - 20-05-2018 13:56:23 </font><br><font face='trendy' color= 'LimeGreen' size='3.5'> - getting runtime value for Key : description
 - getRunTimeProperty - RuntimeProperties - INFO - 20-05-2018 13:56:23 </font><br><font face='trendy' color= 'LimeGreen' size='3.5'> - getting runtime value for Key : billToEmail
 - getRunTimeProperty - RuntimeProperties - INFO - 20-05-2018 13:56:23 </font><br><font face='trendy' color= 'LimeGreen' size='3.5'> - getting runtime value for Key : billToEmail
 - getRunTimeProperty - RuntimeProperties - INFO - 20-05-2018 13:56:23 </font><br><font face='trendy' color= 'LimeGreen' size='3.5'> - getting runtime value for Key : billToEmail
 - getRunTimeProperty - RuntimeProperties - INFO - 20-05-2018 13:56:23 </font><br><font face='trendy' color= 'LimeGreen' size='3.5'> - getting runtime value for Key : billToLastName
 - getRunTimeProperty - RuntimeProperties - INFO - 20-05-2018 13:56:23 </font><br><font face='trendy' color= 'LimeGreen' size='3.5'> - getting runtime value for Key : billToLastName
 - getRunTimeProperty - RuntimeProperties - INFO - 20-05-2018 13:56:23 </font><br><font face='trendy' color= 'LimeGreen' size='3.5'> - getting runtime value for Key : billToLastName
 - getRunTimeProperty - RuntimeProperties - INFO - 20-05-2018 13:56:23 </font><br><font face='trendy' color= 'LimeGreen' size='3.5'> - initialising request type : POST
 - getHttpMethod - APIHelpers - INFO - 20-05-2018 13:56:23 </font><br><font face='trendy' color= 'LimeGreen' size='3.5'> - adding headers
 - addHeader - APIHelpers - INFO - 20-05-2018 13:56:23 </font><br><font face='trendy' color= 'LimeGreen' size='3.5'> - Executing : POST Request
 - execute - APIHelpers - INFO - 20-05-2018 13:56:23 </font><br><font face='trendy' color= 'red' size='3.5'> - error while executing the requesthttps://qa-api.firstgiving.com/donation/creditcard?charityId=b62c2436-edd0-11df-ab8c-4061860da51d&ccCardValidationNum=123&billToFirstName=John&billToAddressLine3=3MainSt.&ccNumber=4111111111111111&billToAddressLine2=2MainSt.&billToAddressLine1=1MainSt.&remoteAddr=1.1.1.1&billToCity=Burlington&ccExpDateMonth=01&currencyCode=USD&donationMessage=Testing_messag&amount=5.00&orderId=1234&billToZip=01803&personalIdentificationNumber=0&billToState=MA&billToCountry=US&reportDonationToTaxAuthority=0&billToMiddleName=D&eventId=12345&ccType=VI&ccExpDateYear=23&description=Test&billToEmail=alex.winskie@frontstreampayments.com&billToLastName=Smith

com.httpclient.APIHelpers.execute(APIHelpers.java:266)
com.httpclient.APIHelpers.executePostRequest(APIHelpers.java:416)
com.testsuite.api.FirstGivingDonationAPI.tc_API_001_DonationAPI(FirstGivingDonationAPI.java:49)
sun.reflect.NativeMethodAccessorImpl.invoke0(Native Method)
sun.reflect.NativeMethodAccessorImpl.invoke(NativeMethodAccessorImpl.java:62)
sun.reflect.DelegatingMethodAccessorImpl.invoke(DelegatingMethodAccessorImpl.java:43)
java.lang.reflect.Method.invoke(Method.java:483)
org.testng.internal.MethodInvocationHelper.invokeMethod(MethodInvocationHelper.java:84)
org.testng.internal.InvokeMethodRunnable.runOne(InvokeMethodRunnable.java:46)
org.testng.internal.InvokeMethodRunnable.run(InvokeMethodRunnable.java:37)
org.testng.internal.MethodInvocationHelper.invokeWithTimeoutWithNoExecutor(MethodInvocationHelper.java:240)
org.testng.internal.MethodInvocationHelper.invokeWithTimeout(MethodInvocationHelper.java:229)
org.testng.internal.Invoker.invokeMethod(Invoker.java:724)
org.testng.internal.Invoker.retryFailed(Invoker.java:1049)
org.testng.internal.Invoker.invokeTestMethods(Invoker.java:1254)
org.testng.internal.TestMethodWorker.invokeTestMethods(TestMethodWorker.java:127)
org.testng.internal.TestMethodWorker.run(TestMethodWorker.java:111)
org.testng.TestRunner.privateRun(TestRunner.java:767)
org.testng.TestRunner.run(TestRunner.java:617)
org.testng.SuiteRunner.runTest(SuiteRunner.java:334)
org.testng.SuiteRunner.access$000(SuiteRunner.java:37)
org.testng.SuiteRunner$SuiteWorker.run(SuiteRunner.java:368)
org.testng.internal.thread.ThreadUtil$2.call(ThreadUtil.java:64)
java.util.concurrent.FutureTask.run(FutureTask.java:266)
java.util.concurrent.ThreadPoolExecutor.runWorker(ThreadPoolExecutor.java:1142)
java.util.concurrent.ThreadPoolExecutor$Worker.run(ThreadPoolExecutor.java:617)
java.lang.Thread.run(Thread.java:745)
 - execute - APIHelpers - ERROR - 20-05-2018 13:56:24 </font><br><font face='trendy' color= 'red' size='3.5'> - xxxxxxxxxxxxxxxxxxxxxxxxxxxxxxxxxxxxxxxxxxxxxxxxxxxxxxxxxxx

 - onTestFailure - TestListener - ERROR - 20-05-2018 13:56:24 </font><br><font face='trendy' color= 'red' size='3.5'> - ERROR ----------tc_API_001_DonationAPI has failed-----------------
 - onTestFailure - TestListener - ERROR - 20-05-2018 13:56:24 </font><br><font face='trendy' color= 'red' size='3.5'> - xxxxxxxxxxxxxxxxxxxxxxxxxxxxxxxxxxxxxxxxxxxxxxxxxxxxxxxxxxx

 - onTestFailure - TestListener - ERROR - 20-05-2018 13:56:24 </font><br><font face='trendy' color= 'LimeGreen' size='3.5'> - after suite
 - AddLogFileToReport - BaseSetup - INFO - 20-05-2018 13:56:26 </font><br>