     [echo] Build logs can be found at build_16-09-2015_(18-21-32).log
init:  duration 0 seconds

setClassPath:
     [echo] Setting CLASSPATH.....
[pathconvert] Set property test.classpath = D:\FrontStream_Final\FrontStream_project:D:\FrontStream_Final\FrontStream_project\lib\Decoder.jar:D:\FrontStream_Final\FrontStream_project\lib\FastInfoset-1.2.12.jar:D:\FrontStream_Final\FrontStream_project\lib\Fillo-1.6.jar:D:\FrontStream_Final\FrontStream_project\lib\activation.jar:D:\FrontStream_Final\FrontStream_project\lib\allure-java-adaptor-api-1.4.0.jar:D:\FrontStream_Final\FrontStream_project\lib\allure-java-annotations-1.4.0.jar:D:\FrontStream_Final\FrontStream_project\lib\allure-java-aspects-1.4.0.jar:D:\FrontStream_Final\FrontStream_project\lib\allure-model-1.4.0.jar:D:\FrontStream_Final\FrontStream_project\lib\allure-testng-adaptor-1.4.0-javadoc.jar:D:\FrontStream_Final\FrontStream_project\lib\allure-testng-adaptor-1.4.0-sources.jar:D:\FrontStream_Final\FrontStream_project\lib\allure-testng-adaptor-1.4.0.jar:D:\FrontStream_Final\FrontStream_project\lib\ant-contrib-0.6.jar:D:\FrontStream_Final\FrontStream_project\lib\aspectjrt-1.8.4.jar:D:\FrontStream_Final\FrontStream_project\lib\aspectjweaver-1.8.4-sources.jar:D:\FrontStream_Final\FrontStream_project\lib\aspectjweaver-1.8.4.jar:D:\FrontStream_Final\FrontStream_project\lib\automaton.jar:D:\FrontStream_Final\FrontStream_project\lib\bsh-2.0b4.jar:D:\FrontStream_Final\FrontStream_project\lib\commons-beanutils-core-1.8.3.jar:D:\FrontStream_Final\FrontStream_project\lib\commons-configuration-1.9.jar:D:\FrontStream_Final\FrontStream_project\lib\commons-lang-2.6.jar:D:\FrontStream_Final\FrontStream_project\lib\commons-logging-1.1.1.jar:D:\FrontStream_Final\FrontStream_project\lib\dom4j-full.jar:D:\FrontStream_Final\FrontStream_project\lib\fontbox-1.8.8.jar:D:\FrontStream_Final\FrontStream_project\lib\guice-3.0.jar:D:\FrontStream_Final\FrontStream_project\lib\hamcrest-core-1.3.jar:D:\FrontStream_Final\FrontStream_project\lib\istack-commons-runtime-2.16.jar:D:\FrontStream_Final\FrontStream_project\lib\javacsv.jar:D:\FrontStream_Final\FrontStream_project\lib\jaxb-api-2.2.7.jar:D:\FrontStream_Final\FrontStream_project\lib\jaxb-core-2.2.7.jar:D:\FrontStream_Final\FrontStream_project\lib\jaxb-impl-2.2.7.jar:D:\FrontStream_Final\FrontStream_project\lib\jaxb2-basics-runtime-0.6.5.jar:D:\FrontStream_Final\FrontStream_project\lib\jcommander-1.27.jar:D:\FrontStream_Final\FrontStream_project\lib\jdom-2.0.5.jar:D:\FrontStream_Final\FrontStream_project\lib\json-simple.jar:D:\FrontStream_Final\FrontStream_project\lib\jsr173_api-1.0.jar:D:\FrontStream_Final\FrontStream_project\lib\log4j-1.2.17.jar:D:\FrontStream_Final\FrontStream_project\lib\mail.jar:D:\FrontStream_Final\FrontStream_project\lib\monte-screenrecorder.jar:D:\FrontStream_Final\FrontStream_project\lib\mysql-connector-java-5.1.18-bin.jar:D:\FrontStream_Final\FrontStream_project\lib\pdfbox-1.8.8.jar:D:\FrontStream_Final\FrontStream_project\lib\poi-3.9-20121203.jar:D:\FrontStream_Final\FrontStream_project\lib\poi-ooxml-3.9-20121203.jar:D:\FrontStream_Final\FrontStream_project\lib\poi-ooxml-schemas-3.9-20121203.jar:D:\FrontStream_Final\FrontStream_project\lib\properties-loader-1.5.jar:D:\FrontStream_Final\FrontStream_project\lib\reportng-1.1.4.jar:D:\FrontStream_Final\FrontStream_project\lib\saxon-8.7.jar:D:\FrontStream_Final\FrontStream_project\lib\selenium-java-2.46.0-srcs.jar:D:\FrontStream_Final\FrontStream_project\lib\selenium-java-2.46.0.jar:D:\FrontStream_Final\FrontStream_project\lib\selenium-java-client-driver-tests.jar:D:\FrontStream_Final\FrontStream_project\lib\selenium-java-client-driver.jar:D:\FrontStream_Final\FrontStream_project\lib\selenium-server-standalone-2.46.0.jar:D:\FrontStream_Final\FrontStream_project\lib\sikuli-api-1.0.2-standalone.jar:D:\FrontStream_Final\FrontStream_project\lib\slf4j-api-1.7.7.jar:D:\FrontStream_Final\FrontStream_project\lib\slf4j-log4j12-1.7.7.jar:D:\FrontStream_Final\FrontStream_project\lib\snakeyaml-1.6.jar:D:\FrontStream_Final\FrontStream_project\lib\testng-6.8.7-sources.jar:D:\FrontStream_Final\FrontStream_project\lib\tika-core-1.5.jar:D:\FrontStream_Final\FrontStream_project\lib\velocity-dep-1.4.jar:D:\FrontStream_Final\FrontStream_project\lib\xeger-1.0-SNAPSHOT.jar:D:\FrontStream_Final\FrontStream_project\lib\xmlbeans-2.3.0.jar
     [echo] CLASSPATH set....
setClassPath:  duration 0 seconds

loadTestNG:
     [echo] TestNG loading........
loadTestNG:  duration 0 seconds

compile:
     [echo] Compiling to D:\FrontStream_Final\FrontStream_project/bin/build
    [javac] com\api\data\APIData.java added as com\api\data\APIData.class doesn't exist.
    [javac] com\api\data\APIEndPoints.java added as com\api\data\APIEndPoints.class doesn't exist.
    [javac] com\api\data\APIHeadersData.java added as com\api\data\APIHeadersData.class doesn't exist.
    [javac] com\api\module\DonationAPI.java added as com\api\module\DonationAPI.class doesn't exist.
    [javac] com\base\BaseSetup.java added as com\base\BaseSetup.class doesn't exist.
    [javac] com\base\BrowserProvider.java added as com\base\BrowserProvider.class doesn't exist.
    [javac] com\base\CapabilityHelper.java added as com\base\CapabilityHelper.class doesn't exist.
    [javac] com\base\ChromeBrowser.java added as com\base\ChromeBrowser.class doesn't exist.
    [javac] com\base\FirefoxBrowser.java added as com\base\FirefoxBrowser.class doesn't exist.
    [javac] com\base\GhostDriver.java added as com\base\GhostDriver.class doesn't exist.
    [javac] com\base\IBrowser.java added as com\base\IBrowser.class doesn't exist.
    [javac] com\base\IeBrowser.java added as com\base\IeBrowser.class doesn't exist.
    [javac] com\base\MyEventFiringWebDriver.java added as com\base\MyEventFiringWebDriver.class doesn't exist.
    [javac] com\base\RemoteDriver.java added as com\base\RemoteDriver.class doesn't exist.
    [javac] com\base\SafariBrowser.java added as com\base\SafariBrowser.class doesn't exist.
    [javac] com\datamanager\CSVManager.java added as com\datamanager\CSVManager.class doesn't exist.
    [javac] com\datamanager\ConfigManager.java added as com\datamanager\ConfigManager.class doesn't exist.
    [javac] com\datamanager\ExcelManager.java added as com\datamanager\ExcelManager.class doesn't exist.
    [javac] com\datamanager\ExcelManagerFillo.java added as com\datamanager\ExcelManagerFillo.class doesn't exist.
    [javac] com\datamanager\IExcelManager.java added as com\datamanager\IExcelManager.class doesn't exist.
    [javac] com\datamanager\JSONManager.java added as com\datamanager\JSONManager.class doesn't exist.
    [javac] com\datamanager\XMLManager.java added as com\datamanager\XMLManager.class doesn't exist.
    [javac] com\httpclient\APIHelpers.java added as com\httpclient\APIHelpers.class doesn't exist.
    [javac] com\java\runtimeexceptions\CloudNotFoundException.java added as com\java\runtimeexceptions\CloudNotFoundException.class doesn't exist.
    [javac] com\java\runtimeexceptions\InvalidHttpMethodException.java added as com\java\runtimeexceptions\InvalidHttpMethodException.class doesn't exist.
    [javac] com\listener\TestListener.java added as com\listener\TestListener.class doesn't exist.
    [javac] com\listener\WebListener.java added as com\listener\WebListener.class doesn't exist.
    [javac] com\page\data\CreateEventData.java added as com\page\data\CreateEventData.class doesn't exist.
    [javac] com\page\data\UserData.java added as com\page\data\UserData.class doesn't exist.
    [javac] com\page\locators\Accountingapi\AccountingAPIHomeLocators.java added as com\page\locators\Accountingapi\AccountingAPIHomeLocators.class doesn't exist.
    [javac] com\page\locators\Accountingapi\AccountingAPILoginLocators.java added as com\page\locators\Accountingapi\AccountingAPILoginLocators.class doesn't exist.
    [javac] com\page\locators\Accountingapi\DisbursementLocators.java added as com\page\locators\Accountingapi\DisbursementLocators.class doesn't exist.
    [javac] com\page\locators\Accountingapi\DisbursementResultLocators.java added as com\page\locators\Accountingapi\DisbursementResultLocators.class doesn't exist.
    [javac] com\page\locators\CreateLocators.java added as com\page\locators\CreateLocators.class doesn't exist.
    [javac] com\page\locators\DefaultLocators.java added as com\page\locators\DefaultLocators.class doesn't exist.
    [javac] com\page\locators\EditLocators.java added as com\page\locators\EditLocators.class doesn't exist.
    [javac] com\page\locators\EventLocators.java added as com\page\locators\EventLocators.class doesn't exist.
    [javac] com\page\locators\HomeLocators.java added as com\page\locators\HomeLocators.class doesn't exist.
    [javac] com\page\locators\LogInLocators.java added as com\page\locators\LogInLocators.class doesn't exist.
    [javac] com\page\module\Accountingapi\AccountingAPIHomePage.java added as com\page\module\Accountingapi\AccountingAPIHomePage.class doesn't exist.
    [javac] com\page\module\Accountingapi\AccountingAPILoginPage.java added as com\page\module\Accountingapi\AccountingAPILoginPage.class doesn't exist.
    [javac] com\page\module\Accountingapi\DisbursementPage.java added as com\page\module\Accountingapi\DisbursementPage.class doesn't exist.
    [javac] com\page\module\Accountingapi\DisbursementResultsPage.java added as com\page\module\Accountingapi\DisbursementResultsPage.class doesn't exist.
    [javac] com\page\module\CreatePage.java added as com\page\module\CreatePage.class doesn't exist.
    [javac] com\page\module\DefaultPage.java added as com\page\module\DefaultPage.class doesn't exist.
    [javac] com\page\module\EditPage.java added as com\page\module\EditPage.class doesn't exist.
    [javac] com\page\module\EventPage.java added as com\page\module\EventPage.class doesn't exist.
    [javac] com\page\module\HomePage.java added as com\page\module\HomePage.class doesn't exist.
    [javac] com\page\module\LoginPage.java added as com\page\module\LoginPage.class doesn't exist.
    [javac] com\selenium\BackedSelenium.java added as com\selenium\BackedSelenium.class doesn't exist.
    [javac] com\selenium\Dynamic.java added as com\selenium\Dynamic.class doesn't exist.
    [javac] com\selenium\SafeActions.java added as com\selenium\SafeActions.class doesn't exist.
    [javac] com\selenium\Sync.java added as com\selenium\Sync.class doesn't exist.
    [javac] com\testng\Assert.java added as com\testng\Assert.class doesn't exist.
    [javac] com\testng\CustomAssert.java added as com\testng\CustomAssert.class doesn't exist.
    [javac] com\testng\Retry.java added as com\testng\Retry.class doesn't exist.
    [javac] com\testsuite\EventCreation.java added as com\testsuite\EventCreation.class doesn't exist.
    [javac] com\testsuite\accountingapi\Disbursement.java added as com\testsuite\accountingapi\Disbursement.class doesn't exist.
    [javac] com\testsuite\api\FirstGivingDonationAPI.java added as com\testsuite\api\FirstGivingDonationAPI.class doesn't exist.
    [javac] com\utilities\BalloonPopUp.java added as com\utilities\BalloonPopUp.class doesn't exist.
    [javac] com\utilities\JDBCConn.java added as com\utilities\JDBCConn.class doesn't exist.
    [javac] com\utilities\MailinatorAPI.java added as com\utilities\MailinatorAPI.class doesn't exist.
    [javac] com\utilities\PdfManager.java added as com\utilities\PdfManager.class doesn't exist.
    [javac] com\utilities\ReportSetup.java added as com\utilities\ReportSetup.class doesn't exist.
    [javac] com\utilities\RuntimeProperties.java added as com\utilities\RuntimeProperties.class doesn't exist.
    [javac] com\utilities\ScreenCapture.java added as com\utilities\ScreenCapture.class doesn't exist.
    [javac] com\utilities\TimeOuts.java added as com\utilities\TimeOuts.class doesn't exist.
    [javac] com\utilities\UtilityMethods.java added as com\utilities\UtilityMethods.class doesn't exist.
    [javac] D:\FrontStream_Final\FrontStream_project\test-src\log4j.xml skipped - don't know how to handle it
    [javac] Compiling 68 source files to D:\FrontStream_Final\FrontStream_project\bin\build
    [javac] Using modern compiler
    [javac] Compilation arguments:
'-d'
'D:\FrontStream_Final\FrontStream_project\bin\build'
'-classpath'
'D:\FrontStream_Final\FrontStream_project\bin\build;D:\FrontStream_Final\FrontStream_project;D:\FrontStream_Final\FrontStream_project\lib\Decoder.jar;D:\FrontStream_Final\FrontStream_project\lib\FastInfoset-1.2.12.jar;D:\FrontStream_Final\FrontStream_project\lib\Fillo-1.6.jar;D:\FrontStream_Final\FrontStream_project\lib\activation.jar;D:\FrontStream_Final\FrontStream_project\lib\allure-java-adaptor-api-1.4.0.jar;D:\FrontStream_Final\FrontStream_project\lib\allure-java-annotations-1.4.0.jar;D:\FrontStream_Final\FrontStream_project\lib\allure-java-aspects-1.4.0.jar;D:\FrontStream_Final\FrontStream_project\lib\allure-model-1.4.0.jar;D:\FrontStream_Final\FrontStream_project\lib\allure-testng-adaptor-1.4.0-javadoc.jar;D:\FrontStream_Final\FrontStream_project\lib\allure-testng-adaptor-1.4.0-sources.jar;D:\FrontStream_Final\FrontStream_project\lib\allure-testng-adaptor-1.4.0.jar;D:\FrontStream_Final\FrontStream_project\lib\ant-contrib-0.6.jar;D:\FrontStream_Final\FrontStream_project\lib\aspectjrt-1.8.4.jar;D:\FrontStream_Final\FrontStream_project\lib\aspectjweaver-1.8.4-sources.jar;D:\FrontStream_Final\FrontStream_project\lib\aspectjweaver-1.8.4.jar;D:\FrontStream_Final\FrontStream_project\lib\automaton.jar;D:\FrontStream_Final\FrontStream_project\lib\bsh-2.0b4.jar;D:\FrontStream_Final\FrontStream_project\lib\commons-beanutils-core-1.8.3.jar;D:\FrontStream_Final\FrontStream_project\lib\commons-configuration-1.9.jar;D:\FrontStream_Final\FrontStream_project\lib\commons-lang-2.6.jar;D:\FrontStream_Final\FrontStream_project\lib\commons-logging-1.1.1.jar;D:\FrontStream_Final\FrontStream_project\lib\dom4j-full.jar;D:\FrontStream_Final\FrontStream_project\lib\fontbox-1.8.8.jar;D:\FrontStream_Final\FrontStream_project\lib\guice-3.0.jar;D:\FrontStream_Final\FrontStream_project\lib\hamcrest-core-1.3.jar;D:\FrontStream_Final\FrontStream_project\lib\istack-commons-runtime-2.16.jar;D:\FrontStream_Final\FrontStream_project\lib\javacsv.jar;D:\FrontStream_Final\FrontStream_project\lib\jaxb-api-2.2.7.jar;D:\FrontStream_Final\FrontStream_project\lib\jaxb-core-2.2.7.jar;D:\FrontStream_Final\FrontStream_project\lib\jaxb-impl-2.2.7.jar;D:\FrontStream_Final\FrontStream_project\lib\jaxb2-basics-runtime-0.6.5.jar;D:\FrontStream_Final\FrontStream_project\lib\jcommander-1.27.jar;D:\FrontStream_Final\FrontStream_project\lib\jdom-2.0.5.jar;D:\FrontStream_Final\FrontStream_project\lib\json-simple.jar;D:\FrontStream_Final\FrontStream_project\lib\jsr173_api-1.0.jar;D:\FrontStream_Final\FrontStream_project\lib\log4j-1.2.17.jar;D:\FrontStream_Final\FrontStream_project\lib\mail.jar;D:\FrontStream_Final\FrontStream_project\lib\monte-screenrecorder.jar;D:\FrontStream_Final\FrontStream_project\lib\mysql-connector-java-5.1.18-bin.jar;D:\FrontStream_Final\FrontStream_project\lib\pdfbox-1.8.8.jar;D:\FrontStream_Final\FrontStream_project\lib\poi-3.9-20121203.jar;D:\FrontStream_Final\FrontStream_project\lib\poi-ooxml-3.9-20121203.jar;D:\FrontStream_Final\FrontStream_project\lib\poi-ooxml-schemas-3.9-20121203.jar;D:\FrontStream_Final\FrontStream_project\lib\properties-loader-1.5.jar;D:\FrontStream_Final\FrontStream_project\lib\reportng-1.1.4.jar;D:\FrontStream_Final\FrontStream_project\lib\saxon-8.7.jar;D:\FrontStream_Final\FrontStream_project\lib\selenium-java-2.46.0-srcs.jar;D:\FrontStream_Final\FrontStream_project\lib\selenium-java-2.46.0.jar;D:\FrontStream_Final\FrontStream_project\lib\selenium-java-client-driver-tests.jar;D:\FrontStream_Final\FrontStream_project\lib\selenium-java-client-driver.jar;D:\FrontStream_Final\FrontStream_project\lib\selenium-server-standalone-2.46.0.jar;D:\FrontStream_Final\FrontStream_project\lib\sikuli-api-1.0.2-standalone.jar;D:\FrontStream_Final\FrontStream_project\lib\slf4j-api-1.7.7.jar;D:\FrontStream_Final\FrontStream_project\lib\slf4j-log4j12-1.7.7.jar;D:\FrontStream_Final\FrontStream_project\lib\snakeyaml-1.6.jar;D:\FrontStream_Final\FrontStream_project\lib\testng-6.8.7-sources.jar;D:\FrontStream_Final\FrontStream_project\lib\tika-core-1.5.jar;D:\FrontStream_Final\FrontStream_project\lib\velocity-dep-1.4.jar;D:\FrontStream_Final\FrontStream_project\lib\xeger-1.0-SNAPSHOT.jar;D:\FrontStream_Final\FrontStream_project\lib\xmlbeans-2.3.0.jar'
'-sourcepath'
'D:\FrontStream_Final\FrontStream_project\test-src'
'-target'
'1.7'
'-g:lines,vars,source'
'-source'
'1.7'

The ' characters around the executable and arguments are
not part of the command.
    [javac] Files to be compiled:
    D:\FrontStream_Final\FrontStream_project\test-src\com\api\data\APIData.java
    D:\FrontStream_Final\FrontStream_project\test-src\com\api\data\APIEndPoints.java
    D:\FrontStream_Final\FrontStream_project\test-src\com\api\data\APIHeadersData.java
    D:\FrontStream_Final\FrontStream_project\test-src\com\api\module\DonationAPI.java
    D:\FrontStream_Final\FrontStream_project\test-src\com\base\BaseSetup.java
    D:\FrontStream_Final\FrontStream_project\test-src\com\base\BrowserProvider.java
    D:\FrontStream_Final\FrontStream_project\test-src\com\base\CapabilityHelper.java
    D:\FrontStream_Final\FrontStream_project\test-src\com\base\ChromeBrowser.java
    D:\FrontStream_Final\FrontStream_project\test-src\com\base\FirefoxBrowser.java
    D:\FrontStream_Final\FrontStream_project\test-src\com\base\GhostDriver.java
    D:\FrontStream_Final\FrontStream_project\test-src\com\base\IBrowser.java
    D:\FrontStream_Final\FrontStream_project\test-src\com\base\IeBrowser.java
    D:\FrontStream_Final\FrontStream_project\test-src\com\base\MyEventFiringWebDriver.java
    D:\FrontStream_Final\FrontStream_project\test-src\com\base\RemoteDriver.java
    D:\FrontStream_Final\FrontStream_project\test-src\com\base\SafariBrowser.java
    D:\FrontStream_Final\FrontStream_project\test-src\com\datamanager\CSVManager.java
    D:\FrontStream_Final\FrontStream_project\test-src\com\datamanager\ConfigManager.java
    D:\FrontStream_Final\FrontStream_project\test-src\com\datamanager\ExcelManager.java
    D:\FrontStream_Final\FrontStream_project\test-src\com\datamanager\ExcelManagerFillo.java
    D:\FrontStream_Final\FrontStream_project\test-src\com\datamanager\IExcelManager.java
    D:\FrontStream_Final\FrontStream_project\test-src\com\datamanager\JSONManager.java
    D:\FrontStream_Final\FrontStream_project\test-src\com\datamanager\XMLManager.java
    D:\FrontStream_Final\FrontStream_project\test-src\com\httpclient\APIHelpers.java
    D:\FrontStream_Final\FrontStream_project\test-src\com\java\runtimeexceptions\CloudNotFoundException.java
    D:\FrontStream_Final\FrontStream_project\test-src\com\java\runtimeexceptions\InvalidHttpMethodException.java
    D:\FrontStream_Final\FrontStream_project\test-src\com\listener\TestListener.java
    D:\FrontStream_Final\FrontStream_project\test-src\com\listener\WebListener.java
    D:\FrontStream_Final\FrontStream_project\test-src\com\page\data\CreateEventData.java
    D:\FrontStream_Final\FrontStream_project\test-src\com\page\data\UserData.java
    D:\FrontStream_Final\FrontStream_project\test-src\com\page\locators\Accountingapi\AccountingAPIHomeLocators.java
    D:\FrontStream_Final\FrontStream_project\test-src\com\page\locators\Accountingapi\AccountingAPILoginLocators.java
    D:\FrontStream_Final\FrontStream_project\test-src\com\page\locators\Accountingapi\DisbursementLocators.java
    D:\FrontStream_Final\FrontStream_project\test-src\com\page\locators\Accountingapi\DisbursementResultLocators.java
    D:\FrontStream_Final\FrontStream_project\test-src\com\page\locators\CreateLocators.java
    D:\FrontStream_Final\FrontStream_project\test-src\com\page\locators\DefaultLocators.java
    D:\FrontStream_Final\FrontStream_project\test-src\com\page\locators\EditLocators.java
    D:\FrontStream_Final\FrontStream_project\test-src\com\page\locators\EventLocators.java
    D:\FrontStream_Final\FrontStream_project\test-src\com\page\locators\HomeLocators.java
    D:\FrontStream_Final\FrontStream_project\test-src\com\page\locators\LogInLocators.java
    D:\FrontStream_Final\FrontStream_project\test-src\com\page\module\Accountingapi\AccountingAPIHomePage.java
    D:\FrontStream_Final\FrontStream_project\test-src\com\page\module\Accountingapi\AccountingAPILoginPage.java
    D:\FrontStream_Final\FrontStream_project\test-src\com\page\module\Accountingapi\DisbursementPage.java
    D:\FrontStream_Final\FrontStream_project\test-src\com\page\module\Accountingapi\DisbursementResultsPage.java
    D:\FrontStream_Final\FrontStream_project\test-src\com\page\module\CreatePage.java
    D:\FrontStream_Final\FrontStream_project\test-src\com\page\module\DefaultPage.java
    D:\FrontStream_Final\FrontStream_project\test-src\com\page\module\EditPage.java
    D:\FrontStream_Final\FrontStream_project\test-src\com\page\module\EventPage.java
    D:\FrontStream_Final\FrontStream_project\test-src\com\page\module\HomePage.java
    D:\FrontStream_Final\FrontStream_project\test-src\com\page\module\LoginPage.java
    D:\FrontStream_Final\FrontStream_project\test-src\com\selenium\BackedSelenium.java
    D:\FrontStream_Final\FrontStream_project\test-src\com\selenium\Dynamic.java
    D:\FrontStream_Final\FrontStream_project\test-src\com\selenium\SafeActions.java
    D:\FrontStream_Final\FrontStream_project\test-src\com\selenium\Sync.java
    D:\FrontStream_Final\FrontStream_project\test-src\com\testng\Assert.java
    D:\FrontStream_Final\FrontStream_project\test-src\com\testng\CustomAssert.java
    D:\FrontStream_Final\FrontStream_project\test-src\com\testng\Retry.java
    D:\FrontStream_Final\FrontStream_project\test-src\com\testsuite\EventCreation.java
    D:\FrontStream_Final\FrontStream_project\test-src\com\testsuite\accountingapi\Disbursement.java
    D:\FrontStream_Final\FrontStream_project\test-src\com\testsuite\api\FirstGivingDonationAPI.java
    D:\FrontStream_Final\FrontStream_project\test-src\com\utilities\BalloonPopUp.java
    D:\FrontStream_Final\FrontStream_project\test-src\com\utilities\JDBCConn.java
    D:\FrontStream_Final\FrontStream_project\test-src\com\utilities\MailinatorAPI.java
    D:\FrontStream_Final\FrontStream_project\test-src\com\utilities\PdfManager.java
    D:\FrontStream_Final\FrontStream_project\test-src\com\utilities\ReportSetup.java
    D:\FrontStream_Final\FrontStream_project\test-src\com\utilities\RuntimeProperties.java
    D:\FrontStream_Final\FrontStream_project\test-src\com\utilities\ScreenCapture.java
    D:\FrontStream_Final\FrontStream_project\test-src\com\utilities\TimeOuts.java
    D:\FrontStream_Final\FrontStream_project\test-src\com\utilities\UtilityMethods.java
    [javac] warning: [options] bootstrap class path not set in conjunction with -source 1.7
    [javac] D:\FrontStream_Final\FrontStream_project\test-src\com\selenium\Dynamic.java:59: warning: non-varargs call of varargs method with inexact argument type for last parameter;
    [javac] 		String newLocatorString = String.format(locator.toString().split(": ")[1],dynamicText);
    [javac] 		                                                                          ^
    [javac]   cast to Object for a varargs call
    [javac]   cast to Object[] for a non-varargs call and to suppress this warning
    [javac] Note: Some input files use or override a deprecated API.
    [javac] Note: Recompile with -Xlint:deprecation for details.
    [javac] Note: D:\FrontStream_Final\FrontStream_project\test-src\com\utilities\MailinatorAPI.java uses unchecked or unsafe operations.
    [javac] Note: Recompile with -Xlint:unchecked for details.
    [javac] 2 warnings
compile:  duration 2 seconds

Copylog:
     [echo] Copying log4j configuration............
     [copy] log4j.xml added as log4j.xml doesn't exist.
     [copy] No sources found.
     [copy] Copying 1 file to D:\FrontStream_Final\FrontStream_project\bin\build
     [copy] Copying D:\FrontStream_Final\FrontStream_project\test-src\log4j.xml to D:\FrontStream_Final\FrontStream_project\bin\build\log4j.xml
Copylog:  duration 0 seconds

Ant-TryCatch:
Ant-TryCatch:  duration 0 seconds

runTests:
     [echo] Running TestNG Suite file.............
   [testng] Executing 'C:\Program Files\Java\jdk1.8.0_20\jre\bin\java.exe' with arguments:
'-javaagent:D:\FrontStream_Final\FrontStream_project/lib/aspectjweaver-1.8.4.jar'
'-ea'
'-Dorg.uncommons.reportng.title=Sample Report'
'-classpath'
'D:\FrontStream_Final\FrontStream_project;D:\FrontStream_Final\FrontStream_project\lib\Decoder.jar;D:\FrontStream_Final\FrontStream_project\lib\FastInfoset-1.2.12.jar;D:\FrontStream_Final\FrontStream_project\lib\Fillo-1.6.jar;D:\FrontStream_Final\FrontStream_project\lib\activation.jar;D:\FrontStream_Final\FrontStream_project\lib\allure-java-adaptor-api-1.4.0.jar;D:\FrontStream_Final\FrontStream_project\lib\allure-java-annotations-1.4.0.jar;D:\FrontStream_Final\FrontStream_project\lib\allure-java-aspects-1.4.0.jar;D:\FrontStream_Final\FrontStream_project\lib\allure-model-1.4.0.jar;D:\FrontStream_Final\FrontStream_project\lib\allure-testng-adaptor-1.4.0-javadoc.jar;D:\FrontStream_Final\FrontStream_project\lib\allure-testng-adaptor-1.4.0-sources.jar;D:\FrontStream_Final\FrontStream_project\lib\allure-testng-adaptor-1.4.0.jar;D:\FrontStream_Final\FrontStream_project\lib\ant-contrib-0.6.jar;D:\FrontStream_Final\FrontStream_project\lib\aspectjrt-1.8.4.jar;D:\FrontStream_Final\FrontStream_project\lib\aspectjweaver-1.8.4-sources.jar;D:\FrontStream_Final\FrontStream_project\lib\aspectjweaver-1.8.4.jar;D:\FrontStream_Final\FrontStream_project\lib\automaton.jar;D:\FrontStream_Final\FrontStream_project\lib\bsh-2.0b4.jar;D:\FrontStream_Final\FrontStream_project\lib\commons-beanutils-core-1.8.3.jar;D:\FrontStream_Final\FrontStream_project\lib\commons-configuration-1.9.jar;D:\FrontStream_Final\FrontStream_project\lib\commons-lang-2.6.jar;D:\FrontStream_Final\FrontStream_project\lib\commons-logging-1.1.1.jar;D:\FrontStream_Final\FrontStream_project\lib\dom4j-full.jar;D:\FrontStream_Final\FrontStream_project\lib\fontbox-1.8.8.jar;D:\FrontStream_Final\FrontStream_project\lib\guice-3.0.jar;D:\FrontStream_Final\FrontStream_project\lib\hamcrest-core-1.3.jar;D:\FrontStream_Final\FrontStream_project\lib\istack-commons-runtime-2.16.jar;D:\FrontStream_Final\FrontStream_project\lib\javacsv.jar;D:\FrontStream_Final\FrontStream_project\lib\jaxb-api-2.2.7.jar;D:\FrontStream_Final\FrontStream_project\lib\jaxb-core-2.2.7.jar;D:\FrontStream_Final\FrontStream_project\lib\jaxb-impl-2.2.7.jar;D:\FrontStream_Final\FrontStream_project\lib\jaxb2-basics-runtime-0.6.5.jar;D:\FrontStream_Final\FrontStream_project\lib\jcommander-1.27.jar;D:\FrontStream_Final\FrontStream_project\lib\jdom-2.0.5.jar;D:\FrontStream_Final\FrontStream_project\lib\json-simple.jar;D:\FrontStream_Final\FrontStream_project\lib\jsr173_api-1.0.jar;D:\FrontStream_Final\FrontStream_project\lib\log4j-1.2.17.jar;D:\FrontStream_Final\FrontStream_project\lib\mail.jar;D:\FrontStream_Final\FrontStream_project\lib\monte-screenrecorder.jar;D:\FrontStream_Final\FrontStream_project\lib\mysql-connector-java-5.1.18-bin.jar;D:\FrontStream_Final\FrontStream_project\lib\pdfbox-1.8.8.jar;D:\FrontStream_Final\FrontStream_project\lib\poi-3.9-20121203.jar;D:\FrontStream_Final\FrontStream_project\lib\poi-ooxml-3.9-20121203.jar;D:\FrontStream_Final\FrontStream_project\lib\poi-ooxml-schemas-3.9-20121203.jar;D:\FrontStream_Final\FrontStream_project\lib\properties-loader-1.5.jar;D:\FrontStream_Final\FrontStream_project\lib\reportng-1.1.4.jar;D:\FrontStream_Final\FrontStream_project\lib\saxon-8.7.jar;D:\FrontStream_Final\FrontStream_project\lib\selenium-java-2.46.0-srcs.jar;D:\FrontStream_Final\FrontStream_project\lib\selenium-java-2.46.0.jar;D:\FrontStream_Final\FrontStream_project\lib\selenium-java-client-driver-tests.jar;D:\FrontStream_Final\FrontStream_project\lib\selenium-java-client-driver.jar;D:\FrontStream_Final\FrontStream_project\lib\selenium-server-standalone-2.46.0.jar;D:\FrontStream_Final\FrontStream_project\lib\sikuli-api-1.0.2-standalone.jar;D:\FrontStream_Final\FrontStream_project\lib\slf4j-api-1.7.7.jar;D:\FrontStream_Final\FrontStream_project\lib\slf4j-log4j12-1.7.7.jar;D:\FrontStream_Final\FrontStream_project\lib\snakeyaml-1.6.jar;D:\FrontStream_Final\FrontStream_project\lib\testng-6.8.7-sources.jar;D:\FrontStream_Final\FrontStream_project\lib\tika-core-1.5.jar;D:\FrontStream_Final\FrontStream_project\lib\velocity-dep-1.4.jar;D:\FrontStream_Final\FrontStream_project\lib\xeger-1.0-SNAPSHOT.jar;D:\FrontStream_Final\FrontStream_project\lib\xmlbeans-2.3.0.jar;D:\FrontStream_Final\FrontStream_project\bin\build'
'org.testng.TestNG'
'@C:\Users\Admin\AppData\Local\Temp\testng8803353226904379656'

The ' characters around the executable and arguments are
not part of the command.
   [testng] [TestNG] Running:
   [testng]   D:\FrontStream_Final\FrontStream_project\TestNGSuites\TestNG.xml
   [testng] 
   [testng]  INFO 6:21 PM  beforeSuite - <h2>--------------------SuiteRunner Log-------------------------<h2>
   [testng] GUI
   [testng]  INFO 6:21 PM  initiateDriver - Browser name present in config file :Chrome
   [testng]  INFO 6:21 PM  initiateDriver - -----------------STARTED RUNNING SELENIUM TESTS ON LOCAL MACHINE------------------
   [testng]  INFO 6:21 PM  getBrowserInstance - The Browser Name is provided as Chrome
   [testng]  INFO 6:21 PM  initChromeDriver - Launching google chrome with new profile..
   [testng]  INFO 6:21 PM  initChromeDriver - chrome driver initialized..
   [testng] Starting ChromeDriver 2.16.333243 (0bfa1d3575fc1044244f21ddb82bf870944ef961) on port 39271
   [testng] Only local connections are allowed.
   [testng]  INFO 6:21 PM  initiateDriver - what driver is running? chrome
   [testng]  INFO 6:21 PM  initializeBaseSetup - Initiated Webdriver...
   [testng]  INFO 6:21 PM  beforeNavigateTo - Before navigating to url printing the browser associated capabilities
